<?xml version="1.0" encoding="UTF-8"?>
<!-- Generated by org.testng.reporters.JUnitReportReporter -->
<testsuite hostname="chetan-PC" name="com.test.extentreport.ExtentReport" tests="1" failures="0" timestamp="29 Nov 2018 12:01:38 GMT" time="19.715" errors="0">
  <testcase name="extentReportsDemo" time="19.715" classname="com.test.extentreport.ExtentReport"/>
</testsuite> <!-- com.test.extentreport.ExtentReport -->
