<?xml version="1.0" encoding="UTF-8"?>
<!-- Generated by org.testng.reporters.JUnitReportReporter -->
<testsuite hostname="chetan-PC" name="com.test.extentreport.Ab" tests="1" failures="0" timestamp="29 Nov 2018 11:46:31 GMT" time="0.020" errors="0">
  <testcase name="startTest" time="0.020" classname="com.test.extentreport.Ab"/>
</testsuite> <!-- com.test.extentreport.Ab -->
